<?xml version="1.0" encoding="UTF-8"?>
<testng-results ignored="0" total="1" passed="1" failed="0" skipped="0">
  <reporter-output>
  </reporter-output>
  <suite started-at="2021-04-01T15:16:00 CDT" name="Default suite" finished-at="2021-04-01T15:16:15 CDT" duration-ms="15186">
    <groups>
    </groups>
    <test started-at="2021-04-01T15:16:00 CDT" name="Default test" finished-at="2021-04-01T15:16:15 CDT" duration-ms="15186">
      <class name="TestCases.LoginApplication">
        <test-method signature="Login()[pri:0, instance:TestCases.LoginApplication@3098cf3b]" started-at="2021-04-01T15:16:00 CDT" name="Login" finished-at="2021-04-01T15:16:15 CDT" duration-ms="15126" status="PASS">
          <reporter-output>
          </reporter-output>
        </test-method> <!-- Login -->
      </class> <!-- TestCases.LoginApplication -->
    </test> <!-- Default test -->
  </suite> <!-- Default suite -->
</testng-results>
